PCAD Importer Log
Project : RR0510P-102-D.LibPkg

Section : C:\Users\rboon\Documents\RPL\rpl_pcb\altium_libraries\RR0510P-102-D.lia
    Section : PCB Library - RR0510P-102-D.PcbLib
        Section : Load Messages
            Warning - 1 : Skipping Token RESH On Line 118
            Warning - 1 : Skipping Token attachedSymbol On Line 168
        EndSection

        Section : Import Messages
        EndSection
    EndSection

    Section : SCH Library - RR0510P-102-D.SchLib
        Section : Parsing Messages
            Warning - 1 : Skipping Token padStyleDef On Line 9
            Warning - 1 : Skipping Token multiLayer On Line 84
            Warning - 1 : Skipping Token layerContents On Line 88
            Warning - 1 : Skipping Token layerContents On Line 102
        EndSection

        Section : Generating SCH Library - RR0510P-102-D.SchLib
        EndSection
    EndSection
EndSection
