PCAD Importer Log
Project : BAT54-7-F.LibPkg

Section : C:\Users\rboon\Documents\RPL\rpl_pcb\altium_libraries\BAT54-7-F.lia
    Section : PCB Library - BAT54-7-F.PcbLib
        Section : Load Messages
            Warning - 1 : Skipping Token BAT54-7-F On Line 158
            Warning - 1 : Skipping Token attachedSymbol On Line 229
        EndSection

        Section : Import Messages
        EndSection
    EndSection

    Section : SCH Library - BAT54-7-F.SchLib
        Section : Parsing Messages
            Warning - 1 : Skipping Token padStyleDef On Line 9
            Warning - 1 : Skipping Token multiLayer On Line 84
            Warning - 1 : Skipping Token layerContents On Line 89
            Warning - 1 : Skipping Token layerContents On Line 95
            Warning - 1 : Skipping Token layerContents On Line 122
            Warning - 1 : Skipping Token layerContents On Line 149
        EndSection

        Section : Generating SCH Library - BAT54-7-F.SchLib
        EndSection
    EndSection
EndSection
